<?xml version="1.0" encoding="UTF-8"?>
<testsuite name="com.jalja.entity.MemberTest" tests="1" skipped="0" failures="0" errors="0" timestamp="2023-01-04T14:25:48" hostname="YULA-iMac.local" time="0.255">
  <properties/>
  <testcase name="Auditing 테스트" classname="com.jalja.entity.MemberTest" time="0.255"/>
  <system-out><![CDATA[23:25:44.564 [Test worker] DEBUG org.springframework.test.context.BootstrapUtils - Instantiating CacheAwareContextLoaderDelegate from class [org.springframework.test.context.cache.DefaultCacheAwareContextLoaderDelegate]
23:25:44.573 [Test worker] DEBUG org.springframework.test.context.BootstrapUtils - Instantiating BootstrapContext using constructor [public org.springframework.test.context.support.DefaultBootstrapContext(java.lang.Class,org.springframework.test.context.CacheAwareContextLoaderDelegate)]
23:25:44.599 [Test worker] DEBUG org.springframework.test.context.BootstrapUtils - Instantiating TestContextBootstrapper for test class [com.jalja.entity.MemberTest] from class [org.springframework.boot.test.context.SpringBootTestContextBootstrapper]
23:25:44.609 [Test worker] INFO org.springframework.boot.test.context.SpringBootTestContextBootstrapper - Neither @ContextConfiguration nor @ContextHierarchy found for test class [com.jalja.entity.MemberTest], using SpringBootContextLoader
23:25:44.612 [Test worker] DEBUG org.springframework.test.context.support.AbstractContextLoader - Did not detect default resource location for test class [com.jalja.entity.MemberTest]: class path resource [com/jalja/entity/MemberTest-context.xml] does not exist
23:25:44.613 [Test worker] DEBUG org.springframework.test.context.support.AbstractContextLoader - Did not detect default resource location for test class [com.jalja.entity.MemberTest]: class path resource [com/jalja/entity/MemberTestContext.groovy] does not exist
23:25:44.613 [Test worker] INFO org.springframework.test.context.support.AbstractContextLoader - Could not detect default resource locations for test class [com.jalja.entity.MemberTest]: no resource found for suffixes {-context.xml, Context.groovy}.
23:25:44.613 [Test worker] INFO org.springframework.test.context.support.AnnotationConfigContextLoaderUtils - Could not detect default configuration classes for test class [com.jalja.entity.MemberTest]: MemberTest does not declare any static, non-private, non-final, nested classes annotated with @Configuration.
23:25:44.648 [Test worker] DEBUG org.springframework.test.context.support.ActiveProfilesUtils - Could not find an 'annotation declaring class' for annotation type [org.springframework.test.context.ActiveProfiles] and class [com.jalja.entity.MemberTest]
23:25:44.696 [Test worker] DEBUG org.springframework.context.annotation.ClassPathScanningCandidateComponentProvider - Identified candidate component class: file [/Users/yula/git/jalja/build/classes/java/main/com/jalja/JaljaApplication.class]
23:25:44.697 [Test worker] INFO org.springframework.boot.test.context.SpringBootTestContextBootstrapper - Found @SpringBootConfiguration com.jalja.JaljaApplication for test class com.jalja.entity.MemberTest
23:25:44.766 [Test worker] DEBUG org.springframework.boot.test.context.SpringBootTestContextBootstrapper - @TestExecutionListeners is not present for class [com.jalja.entity.MemberTest]: using defaults.
23:25:44.767 [Test worker] INFO org.springframework.boot.test.context.SpringBootTestContextBootstrapper - Loaded default TestExecutionListener class names from location [META-INF/spring.factories]: [org.springframework.security.test.context.support.WithSecurityContextTestExecutionListener, org.springframework.security.test.context.support.ReactorContextTestExecutionListener, org.springframework.boot.test.autoconfigure.restdocs.RestDocsTestExecutionListener, org.springframework.boot.test.autoconfigure.web.client.MockRestServiceServerResetTestExecutionListener, org.springframework.boot.test.autoconfigure.web.servlet.MockMvcPrintOnlyOnFailureTestExecutionListener, org.springframework.boot.test.autoconfigure.web.servlet.WebDriverTestExecutionListener, org.springframework.boot.test.autoconfigure.webservices.client.MockWebServiceServerTestExecutionListener, org.springframework.boot.test.mock.mockito.MockitoTestExecutionListener, org.springframework.boot.test.mock.mockito.ResetMocksTestExecutionListener, org.springframework.test.context.web.ServletTestExecutionListener, org.springframework.test.context.support.DirtiesContextBeforeModesTestExecutionListener, org.springframework.test.context.event.ApplicationEventsTestExecutionListener, org.springframework.test.context.support.DependencyInjectionTestExecutionListener, org.springframework.test.context.support.DirtiesContextTestExecutionListener, org.springframework.test.context.transaction.TransactionalTestExecutionListener, org.springframework.test.context.jdbc.SqlScriptsTestExecutionListener, org.springframework.test.context.event.EventPublishingTestExecutionListener]
23:25:44.781 [Test worker] INFO org.springframework.boot.test.context.SpringBootTestContextBootstrapper - Using TestExecutionListeners: [org.springframework.test.context.web.ServletTestExecutionListener@10ad20cb, org.springframework.test.context.support.DirtiesContextBeforeModesTestExecutionListener@7dd712e8, org.springframework.test.context.event.ApplicationEventsTestExecutionListener@2c282004, org.springframework.boot.test.mock.mockito.MockitoTestExecutionListener@22ee2d0, org.springframework.boot.test.autoconfigure.SpringBootDependencyInjectionTestExecutionListener@7bfc3126, org.springframework.test.context.support.DirtiesContextTestExecutionListener@3e792ce3, org.springframework.test.context.transaction.TransactionalTestExecutionListener@53bc1328, org.springframework.test.context.jdbc.SqlScriptsTestExecutionListener@26f143ed, org.springframework.security.test.context.support.WithSecurityContextTestExecutionListener@3c1e3314, org.springframework.test.context.event.EventPublishingTestExecutionListener@4b770e40, org.springframework.security.test.context.support.ReactorContextTestExecutionListener@78e16155, org.springframework.boot.test.autoconfigure.restdocs.RestDocsTestExecutionListener@54a3ab8f, org.springframework.boot.test.autoconfigure.web.client.MockRestServiceServerResetTestExecutionListener@1968a49c, org.springframework.boot.test.autoconfigure.web.servlet.MockMvcPrintOnlyOnFailureTestExecutionListener@6a1ebcff, org.springframework.boot.test.autoconfigure.web.servlet.WebDriverTestExecutionListener@19868320, org.springframework.boot.test.autoconfigure.webservices.client.MockWebServiceServerTestExecutionListener@50b0bc4c, org.springframework.boot.test.mock.mockito.ResetMocksTestExecutionListener@c20be82]
23:25:44.791 [Test worker] DEBUG org.springframework.test.context.support.AbstractDirtiesContextTestExecutionListener - Before test class: context [DefaultTestContext@61e3a1fd testClass = MemberTest, testInstance = [null], testMethod = [null], testException = [null], mergedContextConfiguration = [WebMergedContextConfiguration@51abf713 testClass = MemberTest, locations = '{}', classes = '{class com.jalja.JaljaApplication}', contextInitializerClasses = '[]', activeProfiles = '{}', propertySourceLocations = '{classpath:application-test.properties}', propertySourceProperties = '{org.springframework.boot.test.context.SpringBootTestContextBootstrapper=true}', contextCustomizers = set[org.springframework.boot.test.autoconfigure.actuate.metrics.MetricsExportContextCustomizerFactory$DisableMetricExportContextCustomizer@60d1a32f, org.springframework.boot.test.autoconfigure.properties.PropertyMappingContextCustomizer@0, org.springframework.boot.test.autoconfigure.web.servlet.WebDriverContextCustomizerFactory$Customizer@4678a2eb, org.springframework.boot.test.context.filter.ExcludeFilterContextCustomizer@1fdfafd2, org.springframework.boot.test.json.DuplicateJsonObjectContextCustomizerFactory$DuplicateJsonObjectContextCustomizer@5c87bfe2, org.springframework.boot.test.mock.mockito.MockitoContextCustomizer@0, org.springframework.boot.test.web.client.TestRestTemplateContextCustomizer@efde75f, org.springframework.boot.test.context.SpringBootTestArgs@1, org.springframework.boot.test.context.SpringBootTestWebEnvironment@75c56eb9], resourceBasePath = 'src/main/webapp', contextLoader = 'org.springframework.boot.test.context.SpringBootContextLoader', parent = [null]], attributes = map['org.springframework.test.context.web.ServletTestExecutionListener.activateListener' -> true]], class annotated with @DirtiesContext [false] with mode [null].

  .   ____          _            __ _ _
 /\\ / ___'_ __ _ _(_)_ __  __ _ \ \ \ \
( ( )\___ | '_ | '_| | '_ \/ _` | \ \ \ \
 \\/  ___)| |_)| | | | | || (_| |  ) ) ) )
  '  |____| .__|_| |_|_| |_\__, | / / / /
 =========|_|==============|___/=/_/_/_/
 :: Spring Boot ::                (v2.7.2)

2023-01-04 23:25:45.027  INFO 4242 --- [    Test worker] com.jalja.entity.MemberTest              : Starting MemberTest using Java 11.0.17 on YULA-iMac.local with PID 4242 (started by yula in /Users/yula/git/jalja)
2023-01-04 23:25:45.029  INFO 4242 --- [    Test worker] com.jalja.entity.MemberTest              : No active profile set, falling back to 1 default profile: "default"
2023-01-04 23:25:45.741  INFO 4242 --- [    Test worker] .s.d.r.c.RepositoryConfigurationDelegate : Bootstrapping Spring Data JPA repositories in DEFAULT mode.
2023-01-04 23:25:45.783  INFO 4242 --- [    Test worker] .s.d.r.c.RepositoryConfigurationDelegate : Finished Spring Data repository scanning in 34 ms. Found 1 JPA repository interfaces.
2023-01-04 23:25:46.242  INFO 4242 --- [    Test worker] o.hibernate.jpa.internal.util.LogHelper  : HHH000204: Processing PersistenceUnitInfo [name: default]
2023-01-04 23:25:46.303  INFO 4242 --- [    Test worker] org.hibernate.Version                    : HHH000412: Hibernate ORM core version 5.6.10.Final
2023-01-04 23:25:46.483  INFO 4242 --- [    Test worker] o.hibernate.annotations.common.Version   : HCANN000001: Hibernate Commons Annotations {5.1.2.Final}
2023-01-04 23:25:46.578  INFO 4242 --- [    Test worker] com.zaxxer.hikari.HikariDataSource       : HikariPool-1 - Starting...
2023-01-04 23:25:46.782  INFO 4242 --- [    Test worker] com.zaxxer.hikari.HikariDataSource       : HikariPool-1 - Start completed.
2023-01-04 23:25:46.801  INFO 4242 --- [    Test worker] org.hibernate.dialect.Dialect            : HHH000400: Using dialect: org.hibernate.dialect.H2Dialect
Hibernate: 
    
    create table member (
       member_id bigint not null,
        reg_time timestamp,
        update_time timestamp,
        created_by varchar(255),
        modified_by varchar(255),
        address varchar(255),
        email varchar(255),
        name varchar(255),
        password varchar(255),
        role varchar(255),
        primary key (member_id)
    )
Hibernate: 
    
    alter table member 
       drop constraint if exists UK_mbmcqelty0fbrvxp1q58dn57t
Hibernate: 
    
    alter table member 
       add constraint UK_mbmcqelty0fbrvxp1q58dn57t unique (email)
Hibernate: create sequence hibernate_sequence start with 1 increment by 1
2023-01-04 23:25:47.422  INFO 4242 --- [    Test worker] o.h.e.t.j.p.i.JtaPlatformInitiator       : HHH000490: Using JtaPlatform implementation: [org.hibernate.engine.transaction.jta.platform.internal.NoJtaPlatform]
2023-01-04 23:25:47.428  INFO 4242 --- [    Test worker] j.LocalContainerEntityManagerFactoryBean : Initialized JPA EntityManagerFactory for persistence unit 'default'
2023-01-04 23:25:47.894  WARN 4242 --- [    Test worker] JpaBaseConfiguration$JpaWebConfiguration : spring.jpa.open-in-view is enabled by default. Therefore, database queries may be performed during view rendering. Explicitly configure spring.jpa.open-in-view to disable this warning
2023-01-04 23:25:48.257  INFO 4242 --- [    Test worker] o.s.s.web.DefaultSecurityFilterChain     : Will secure any request with [org.springframework.security.web.session.DisableEncodeUrlFilter@24bc06dd, org.springframework.security.web.context.request.async.WebAsyncManagerIntegrationFilter@26d02dc6, org.springframework.security.web.context.SecurityContextPersistenceFilter@641255d1, org.springframework.security.web.header.HeaderWriterFilter@21abd3a3, org.springframework.security.web.csrf.CsrfFilter@40625ac6, org.springframework.security.web.authentication.logout.LogoutFilter@1d0acb8f, org.springframework.security.web.authentication.UsernamePasswordAuthenticationFilter@2f3565c0, org.springframework.security.web.savedrequest.RequestCacheAwareFilter@53086bdc, org.springframework.security.web.servletapi.SecurityContextHolderAwareRequestFilter@254210b1, org.springframework.security.web.authentication.AnonymousAuthenticationFilter@24d7c365, org.springframework.security.web.session.SessionManagementFilter@12d8e6b6, org.springframework.security.web.access.ExceptionTranslationFilter@662b199, org.springframework.security.web.access.intercept.FilterSecurityInterceptor@27c49f54]
2023-01-04 23:25:48.264  WARN 4242 --- [    Test worker] o.s.s.c.a.web.builders.WebSecurity       : You are asking Spring Security to ignore Ant [pattern='/img/**']. This is not recommended -- please use permitAll via HttpSecurity#authorizeHttpRequests instead.
2023-01-04 23:25:48.264  INFO 4242 --- [    Test worker] o.s.s.web.DefaultSecurityFilterChain     : Will not secure Ant [pattern='/img/**']
2023-01-04 23:25:48.265  WARN 4242 --- [    Test worker] o.s.s.c.a.web.builders.WebSecurity       : You are asking Spring Security to ignore Ant [pattern='/css/**']. This is not recommended -- please use permitAll via HttpSecurity#authorizeHttpRequests instead.
2023-01-04 23:25:48.265  INFO 4242 --- [    Test worker] o.s.s.web.DefaultSecurityFilterChain     : Will not secure Ant [pattern='/css/**']
2023-01-04 23:25:48.265  WARN 4242 --- [    Test worker] o.s.s.c.a.web.builders.WebSecurity       : You are asking Spring Security to ignore Ant [pattern='/js/**']. This is not recommended -- please use permitAll via HttpSecurity#authorizeHttpRequests instead.
2023-01-04 23:25:48.265  INFO 4242 --- [    Test worker] o.s.s.web.DefaultSecurityFilterChain     : Will not secure Ant [pattern='/js/**']
2023-01-04 23:25:48.908  INFO 4242 --- [    Test worker] com.jalja.entity.MemberTest              : Started MemberTest in 4.087 seconds (JVM running for 4.961)
2023-01-04 23:25:48.932  INFO 4242 --- [    Test worker] o.s.t.c.transaction.TransactionContext   : Began transaction (1) for test context [DefaultTestContext@61e3a1fd testClass = MemberTest, testInstance = com.jalja.entity.MemberTest@1f031994, testMethod = auditingTest@MemberTest, testException = [null], mergedContextConfiguration = [WebMergedContextConfiguration@51abf713 testClass = MemberTest, locations = '{}', classes = '{class com.jalja.JaljaApplication}', contextInitializerClasses = '[]', activeProfiles = '{}', propertySourceLocations = '{classpath:application-test.properties}', propertySourceProperties = '{org.springframework.boot.test.context.SpringBootTestContextBootstrapper=true}', contextCustomizers = set[org.springframework.boot.test.autoconfigure.actuate.metrics.MetricsExportContextCustomizerFactory$DisableMetricExportContextCustomizer@60d1a32f, org.springframework.boot.test.autoconfigure.properties.PropertyMappingContextCustomizer@0, org.springframework.boot.test.autoconfigure.web.servlet.WebDriverContextCustomizerFactory$Customizer@4678a2eb, org.springframework.boot.test.context.filter.ExcludeFilterContextCustomizer@1fdfafd2, org.springframework.boot.test.json.DuplicateJsonObjectContextCustomizerFactory$DuplicateJsonObjectContextCustomizer@5c87bfe2, org.springframework.boot.test.mock.mockito.MockitoContextCustomizer@0, org.springframework.boot.test.web.client.TestRestTemplateContextCustomizer@efde75f, org.springframework.boot.test.context.SpringBootTestArgs@1, org.springframework.boot.test.context.SpringBootTestWebEnvironment@75c56eb9], resourceBasePath = 'src/main/webapp', contextLoader = 'org.springframework.boot.test.context.SpringBootContextLoader', parent = [null]], attributes = map['org.springframework.test.context.web.ServletTestExecutionListener.activateListener' -> true, 'org.springframework.test.context.web.ServletTestExecutionListener.populatedRequestContextHolder' -> true, 'org.springframework.test.context.web.ServletTestExecutionListener.resetRequestContextHolder' -> true, 'org.springframework.test.context.event.ApplicationEventsTestExecutionListener.recordApplicationEvents' -> false]]; transaction manager [org.springframework.orm.jpa.JpaTransactionManager@496e2bdd]; rollback [true]
Hibernate: 
    call next value for hibernate_sequence
Hibernate: 
    insert 
    into
        member
        (reg_time, update_time, created_by, modified_by, address, email, name, password, role, member_id) 
    values
        (?, ?, ?, ?, ?, ?, ?, ?, ?, ?)
2023-01-04 23:25:49.130 TRACE 4242 --- [    Test worker] o.h.type.descriptor.sql.BasicBinder      : binding parameter [1] as [TIMESTAMP] - [2023-01-04T23:25:49.094512]
2023-01-04 23:25:49.132 TRACE 4242 --- [    Test worker] o.h.type.descriptor.sql.BasicBinder      : binding parameter [2] as [TIMESTAMP] - [2023-01-04T23:25:49.094512]
2023-01-04 23:25:49.132 TRACE 4242 --- [    Test worker] o.h.type.descriptor.sql.BasicBinder      : binding parameter [3] as [VARCHAR] - [genos]
2023-01-04 23:25:49.132 TRACE 4242 --- [    Test worker] o.h.type.descriptor.sql.BasicBinder      : binding parameter [4] as [VARCHAR] - [genos]
2023-01-04 23:25:49.132 TRACE 4242 --- [    Test worker] o.h.type.descriptor.sql.BasicBinder      : binding parameter [5] as [VARCHAR] - [null]
2023-01-04 23:25:49.132 TRACE 4242 --- [    Test worker] o.h.type.descriptor.sql.BasicBinder      : binding parameter [6] as [VARCHAR] - [null]
2023-01-04 23:25:49.132 TRACE 4242 --- [    Test worker] o.h.type.descriptor.sql.BasicBinder      : binding parameter [7] as [VARCHAR] - [null]
2023-01-04 23:25:49.133 TRACE 4242 --- [    Test worker] o.h.type.descriptor.sql.BasicBinder      : binding parameter [8] as [VARCHAR] - [null]
2023-01-04 23:25:49.133 TRACE 4242 --- [    Test worker] o.h.type.descriptor.sql.BasicBinder      : binding parameter [9] as [VARCHAR] - [null]
2023-01-04 23:25:49.133 TRACE 4242 --- [    Test worker] o.h.type.descriptor.sql.BasicBinder      : binding parameter [10] as [BIGINT] - [1]
Hibernate: 
    select
        member0_.member_id as member_i1_0_0_,
        member0_.reg_time as reg_time2_0_0_,
        member0_.update_time as update_t3_0_0_,
        member0_.created_by as created_4_0_0_,
        member0_.modified_by as modified5_0_0_,
        member0_.address as address6_0_0_,
        member0_.email as email7_0_0_,
        member0_.name as name8_0_0_,
        member0_.password as password9_0_0_,
        member0_.role as role10_0_0_ 
    from
        member member0_ 
    where
        member0_.member_id=?
2023-01-04 23:25:49.157 TRACE 4242 --- [    Test worker] o.h.type.descriptor.sql.BasicBinder      : binding parameter [1] as [BIGINT] - [1]
2023-01-04 23:25:49.163 TRACE 4242 --- [    Test worker] o.h.type.descriptor.sql.BasicExtractor   : extracted value ([reg_time2_0_0_] : [TIMESTAMP]) - [2023-01-04T23:25:49.094512]
2023-01-04 23:25:49.163 TRACE 4242 --- [    Test worker] o.h.type.descriptor.sql.BasicExtractor   : extracted value ([update_t3_0_0_] : [TIMESTAMP]) - [2023-01-04T23:25:49.094512]
2023-01-04 23:25:49.163 TRACE 4242 --- [    Test worker] o.h.type.descriptor.sql.BasicExtractor   : extracted value ([created_4_0_0_] : [VARCHAR]) - [genos]
2023-01-04 23:25:49.163 TRACE 4242 --- [    Test worker] o.h.type.descriptor.sql.BasicExtractor   : extracted value ([modified5_0_0_] : [VARCHAR]) - [genos]
2023-01-04 23:25:49.163 TRACE 4242 --- [    Test worker] o.h.type.descriptor.sql.BasicExtractor   : extracted value ([address6_0_0_] : [VARCHAR]) - [null]
2023-01-04 23:25:49.163 TRACE 4242 --- [    Test worker] o.h.type.descriptor.sql.BasicExtractor   : extracted value ([email7_0_0_] : [VARCHAR]) - [null]
2023-01-04 23:25:49.163 TRACE 4242 --- [    Test worker] o.h.type.descriptor.sql.BasicExtractor   : extracted value ([name8_0_0_] : [VARCHAR]) - [null]
2023-01-04 23:25:49.163 TRACE 4242 --- [    Test worker] o.h.type.descriptor.sql.BasicExtractor   : extracted value ([password9_0_0_] : [VARCHAR]) - [null]
2023-01-04 23:25:49.164 TRACE 4242 --- [    Test worker] o.h.type.descriptor.sql.BasicExtractor   : extracted value ([role10_0_0_] : [VARCHAR]) - [null]
 register time 2023-01-04T23:25:49.094512
 update time 2023-01-04T23:25:49.094512
 create time genos
 modify time genos
2023-01-04 23:25:49.174  INFO 4242 --- [    Test worker] o.s.t.c.transaction.TransactionContext   : Rolled back transaction for test: [DefaultTestContext@61e3a1fd testClass = MemberTest, testInstance = com.jalja.entity.MemberTest@1f031994, testMethod = auditingTest@MemberTest, testException = [null], mergedContextConfiguration = [WebMergedContextConfiguration@51abf713 testClass = MemberTest, locations = '{}', classes = '{class com.jalja.JaljaApplication}', contextInitializerClasses = '[]', activeProfiles = '{}', propertySourceLocations = '{classpath:application-test.properties}', propertySourceProperties = '{org.springframework.boot.test.context.SpringBootTestContextBootstrapper=true}', contextCustomizers = set[org.springframework.boot.test.autoconfigure.actuate.metrics.MetricsExportContextCustomizerFactory$DisableMetricExportContextCustomizer@60d1a32f, org.springframework.boot.test.autoconfigure.properties.PropertyMappingContextCustomizer@0, org.springframework.boot.test.autoconfigure.web.servlet.WebDriverContextCustomizerFactory$Customizer@4678a2eb, org.springframework.boot.test.context.filter.ExcludeFilterContextCustomizer@1fdfafd2, org.springframework.boot.test.json.DuplicateJsonObjectContextCustomizerFactory$DuplicateJsonObjectContextCustomizer@5c87bfe2, org.springframework.boot.test.mock.mockito.MockitoContextCustomizer@0, org.springframework.boot.test.web.client.TestRestTemplateContextCustomizer@efde75f, org.springframework.boot.test.context.SpringBootTestArgs@1, org.springframework.boot.test.context.SpringBootTestWebEnvironment@75c56eb9], resourceBasePath = 'src/main/webapp', contextLoader = 'org.springframework.boot.test.context.SpringBootContextLoader', parent = [null]], attributes = map['org.springframework.test.context.web.ServletTestExecutionListener.activateListener' -> true, 'org.springframework.test.context.web.ServletTestExecutionListener.populatedRequestContextHolder' -> true, 'org.springframework.test.context.web.ServletTestExecutionListener.resetRequestContextHolder' -> true, 'org.springframework.test.context.event.ApplicationEventsTestExecutionListener.recordApplicationEvents' -> false]]
]]></system-out>
  <system-err><![CDATA[]]></system-err>
</testsuite>
