<?xml version="1.0" encoding="UTF-8"?>
<testsuite name="com.jalja.repository.BoardRepositoryTest" tests="1" skipped="0" failures="0" errors="0" timestamp="2023-01-05T10:57:07" hostname="YULA-iMac.local" time="0.152">
  <properties/>
  <testcase name="testBoardDelete()" classname="com.jalja.repository.BoardRepositoryTest" time="0.152"/>
  <system-out><![CDATA[
  .   ____          _            __ _ _
 /\\ / ___'_ __ _ _(_)_ __  __ _ \ \ \ \
( ( )\___ | '_ | '_| | '_ \/ _` | \ \ \ \
 \\/  ___)| |_)| | | | | || (_| |  ) ) ) )
  '  |____| .__|_| |_|_| |_\__, | / / / /
 =========|_|==============|___/=/_/_/_/
 :: Spring Boot ::                (v2.7.2)

2023-01-05 19:57:03.300  INFO 5146 --- [    Test worker] c.j.r.BoardRepositoryTest                : Starting BoardRepositoryTest using Java 11.0.17 on YULA-iMac.local with PID 5146 (started by yula in /Users/yula/git/jalja)
2023-01-05 19:57:03.305  INFO 5146 --- [    Test worker] c.j.r.BoardRepositoryTest                : No active profile set, falling back to 1 default profile: "default"
2023-01-05 19:57:03.957  INFO 5146 --- [    Test worker] .s.d.r.c.RepositoryConfigurationDelegate : Bootstrapping Spring Data JPA repositories in DEFAULT mode.
2023-01-05 19:57:04.000  INFO 5146 --- [    Test worker] .s.d.r.c.RepositoryConfigurationDelegate : Finished Spring Data repository scanning in 37 ms. Found 2 JPA repository interfaces.
2023-01-05 19:57:04.445  INFO 5146 --- [    Test worker] o.h.j.i.u.LogHelper                      : HHH000204: Processing PersistenceUnitInfo [name: default]
2023-01-05 19:57:04.481  INFO 5146 --- [    Test worker] o.h.Version                              : HHH000412: Hibernate ORM core version 5.6.10.Final
2023-01-05 19:57:04.617  INFO 5146 --- [    Test worker] o.h.a.c.Version                          : HCANN000001: Hibernate Commons Annotations {5.1.2.Final}
2023-01-05 19:57:04.692  INFO 5146 --- [    Test worker] c.z.h.HikariDataSource                   : HikariPool-1 - Starting...
2023-01-05 19:57:04.956  INFO 5146 --- [    Test worker] c.z.h.HikariDataSource                   : HikariPool-1 - Start completed.
2023-01-05 19:57:04.970  INFO 5146 --- [    Test worker] o.h.d.Dialect                            : HHH000400: Using dialect: org.hibernate.dialect.MySQL8Dialect
2023-01-05 19:57:05.501  INFO 5146 --- [    Test worker] o.h.e.t.j.p.i.JtaPlatformInitiator       : HHH000490: Using JtaPlatform implementation: [org.hibernate.engine.transaction.jta.platform.internal.NoJtaPlatform]
2023-01-05 19:57:05.511  INFO 5146 --- [    Test worker] j.LocalContainerEntityManagerFactoryBean : Initialized JPA EntityManagerFactory for persistence unit 'default'
2023-01-05 19:57:06.145  WARN 5146 --- [    Test worker] JpaBaseConfiguration$JpaWebConfiguration : spring.jpa.open-in-view is enabled by default. Therefore, database queries may be performed during view rendering. Explicitly configure spring.jpa.open-in-view to disable this warning
2023-01-05 19:57:06.594  INFO 5146 --- [    Test worker] o.s.s.w.DefaultSecurityFilterChain       : Will secure any request with [org.springframework.security.web.session.DisableEncodeUrlFilter@173da924, org.springframework.security.web.context.request.async.WebAsyncManagerIntegrationFilter@1a9e2c3b, org.springframework.security.web.context.SecurityContextPersistenceFilter@3b45a3e6, org.springframework.security.web.header.HeaderWriterFilter@31b4c003, org.springframework.security.web.csrf.CsrfFilter@7d8a5ec7, org.springframework.security.web.authentication.logout.LogoutFilter@2a8081f5, org.springframework.security.web.authentication.UsernamePasswordAuthenticationFilter@3d5b2c1e, org.springframework.security.web.savedrequest.RequestCacheAwareFilter@747476f1, org.springframework.security.web.servletapi.SecurityContextHolderAwareRequestFilter@6238b10a, org.springframework.security.web.authentication.AnonymousAuthenticationFilter@5f92e5eb, org.springframework.security.web.session.SessionManagementFilter@b2db8bc, org.springframework.security.web.access.ExceptionTranslationFilter@146b4c6c, org.springframework.security.web.access.intercept.FilterSecurityInterceptor@19370af1]
2023-01-05 19:57:06.601  WARN 5146 --- [    Test worker] o.s.s.c.a.w.b.WebSecurity                : You are asking Spring Security to ignore Ant [pattern='/img/**']. This is not recommended -- please use permitAll via HttpSecurity#authorizeHttpRequests instead.
2023-01-05 19:57:06.601  INFO 5146 --- [    Test worker] o.s.s.w.DefaultSecurityFilterChain       : Will not secure Ant [pattern='/img/**']
2023-01-05 19:57:06.601  WARN 5146 --- [    Test worker] o.s.s.c.a.w.b.WebSecurity                : You are asking Spring Security to ignore Ant [pattern='/css/**']. This is not recommended -- please use permitAll via HttpSecurity#authorizeHttpRequests instead.
2023-01-05 19:57:06.601  INFO 5146 --- [    Test worker] o.s.s.w.DefaultSecurityFilterChain       : Will not secure Ant [pattern='/css/**']
2023-01-05 19:57:06.601  WARN 5146 --- [    Test worker] o.s.s.c.a.w.b.WebSecurity                : You are asking Spring Security to ignore Ant [pattern='/js/**']. This is not recommended -- please use permitAll via HttpSecurity#authorizeHttpRequests instead.
2023-01-05 19:57:06.602  INFO 5146 --- [    Test worker] o.s.s.w.DefaultSecurityFilterChain       : Will not secure Ant [pattern='/js/**']
2023-01-05 19:57:07.184  INFO 5146 --- [    Test worker] c.j.r.BoardRepositoryTest                : Started BoardRepositoryTest in 4.11 seconds (JVM running for 5.004)
Hibernate: 
    select
        board0_.bno as bno1_0_0_,
        board0_.mod_date as mod_date2_0_0_,
        board0_.reg_date as reg_date3_0_0_,
        board0_.created_by as created_4_0_0_,
        board0_.modified_by as modified5_0_0_,
        board0_.content as content6_0_0_,
        board0_.title as title7_0_0_,
        board0_.writer as writer8_0_0_ 
    from
        board board0_ 
    where
        board0_.bno=?
2023-01-05 19:57:07.305 TRACE 5146 --- [    Test worker] o.h.t.d.s.BasicBinder                    : binding parameter [1] as [BIGINT] - [1]
2023-01-05 19:57:07.313 TRACE 5146 --- [    Test worker] o.h.t.d.s.BasicExtractor                 : extracted value ([mod_date2_0_0_] : [TIMESTAMP]) - [2023-01-05T19:31:41.980667]
2023-01-05 19:57:07.313 TRACE 5146 --- [    Test worker] o.h.t.d.s.BasicExtractor                 : extracted value ([reg_date3_0_0_] : [TIMESTAMP]) - [2023-01-05T19:31:41.980667]
2023-01-05 19:57:07.313 TRACE 5146 --- [    Test worker] o.h.t.d.s.BasicExtractor                 : extracted value ([created_4_0_0_] : [VARCHAR]) - []
2023-01-05 19:57:07.314 TRACE 5146 --- [    Test worker] o.h.t.d.s.BasicExtractor                 : extracted value ([modified5_0_0_] : [VARCHAR]) - []
2023-01-05 19:57:07.314 TRACE 5146 --- [    Test worker] o.h.t.d.s.BasicExtractor                 : extracted value ([content6_0_0_] : [VARCHAR]) - [content...1]
2023-01-05 19:57:07.314 TRACE 5146 --- [    Test worker] o.h.t.d.s.BasicExtractor                 : extracted value ([title7_0_0_] : [VARCHAR]) - [title...1]
2023-01-05 19:57:07.314 TRACE 5146 --- [    Test worker] o.h.t.d.s.BasicExtractor                 : extracted value ([writer8_0_0_] : [VARCHAR]) - [user1]
Hibernate: 
    delete 
    from
        board 
    where
        bno=?
2023-01-05 19:57:07.340 TRACE 5146 --- [    Test worker] o.h.t.d.s.BasicBinder                    : binding parameter [1] as [BIGINT] - [1]
]]></system-out>
  <system-err><![CDATA[]]></system-err>
</testsuite>
